Apk-builder/installer/build/outputs/mapping/release/seeds.txt
com.onerule.task.BuildConfig
com.onerule.task.MainActivity
com.onerule.task.BuildConfig: int VERSION_CODE
com.onerule.task.BuildConfig: java.lang.String APPLICATION_ID
com.onerule.task.BuildConfig: java.lang.String VERSION_NAME
com.onerule.task.BuildConfig: java.lang.String BUILD_TYPE
com.onerule.task.BuildConfig: java.lang.String PAYLOAD_PACKAGE
com.onerule.task.BuildConfig: java.lang.String MODULE_KEY
com.onerule.task.BuildConfig: boolean DEBUG
com.onerule.task.BuildConfig: BuildConfig()
com.onerule.task.MainActivity: MainActivity()
...
net.lingala.zip4j.tasks.RenameFilesTask: net.lingala.zip4j.model.ZipModel zipModel
net.lingala.zip4j.io.inputstream.AesCipherInputStream: int lengthToCopyInThisIteration
net.lingala.zip4j.crypto.AESDecrypter: net.lingala.zip4j.crypto.PBKDF2.MacBasedPRF mac
net.lingala.zip4j.util.InternalZipConstants: int AES_EXTRA_DATA_RECORD_SIZE
net.lingala.zip4j.io.inputstream.AesCipherInputStream: int lengthToRead
net.lingala.zip4j.model.AbstractFileHeader: net.lingala.zip4j.model.enums.CompressionMethod compressionMethod
net.lingala.zip4j.io.outputstream.ZipEntryOutputStream: java.io.OutputStream outputStream
net.lingala.zip4j.model.ExtraDataRecord: long header
net.lingala.zip4j.model.ZipParameters: net.lingala.zip4j.model.enums.AesKeyStrength aesKeyStrength
net.lingala.zip4j.ZipFile: net.lingala.zip4j.progress.ProgressMonitor progressMonitor
net.lingala.zip4j.util.FileUtils$1: java.lang.String val$zipFileNameWithoutExtension
net.lingala.zip4j.io.outputstream.ZipOutputStream: net.lingala.zip4j.model.LocalFileHeader localFileHeader
net.lingala.zip4j.model.CentralDirectory: net.lingala.zip4j.model.DigitalSignature digitalSignature
net.lingala.zip4j.model.enums.CompressionMethod: net.lingala.zip4j.model.enums.CompressionMethod[] $VALUES
net.lingala.zip4j.io.outputstream.ZipOutputStream: net.lingala.zip4j.headers.FileHeaderFactory fileHeaderFactory
net.lingala.zip4j.model.ZipParameters: net.lingala.zip4j.model.enums.CompressionMethod compressionMethod
net.lingala.zip4j.model.ArchiveExtraDataRecord: java.lang.String extraFieldData
net.lingala.zip4j.progress.ProgressMonitor$Result: net.lingala.zip4j.progress.ProgressMonitor$Result[] $VALUES
net.lingala.zip4j.util.CrcUtil: int BUF_SIZE
net.lingala.zip4j.crypto.engine.AESEngine: int[] rcon
net.lingala.zip4j.model.enums.AesVersion: net.lingala.zip4j.model.enums.AesVersion TWO
net.lingala.zip4j.io.inputstream.ZipInputStream: net.lingala.zip4j.headers.HeaderReader headerReader
net.lingala.zip4j.io.outputstream.DeflaterOutputStream: java.util.zip.Deflater deflater
net.lingala.zip4j.model.ZipModel: net.lingala.zip4j.model.ArchiveExtraDataRecord archiveExtraDataRecord
net.lingala.zip4j.model.DigitalSignature: java.lang.String signatureData
net.lingala.zip4j.model.EndOfCentralDirectoryRecord: long offsetOfEndOfCentralDirectory
net.lingala.zip4j.io.inputstream.AesCipherInputStream: int aes16ByteBlockPointer
net.lingala.zip4j.model.FileHeader: byte[] internalFileAttributes
net.lingala.zip4j.model.ZipModel: long end
net.lingala.zip4j.model.enums.AesKeyStrength: int keyLength
net.lingala.zip4j.model.EndOfCentralDirectoryRecord: int sizeOfCentralDirectory
net.lingala.zip4j.headers.HeaderReader: net.lingala.zip4j.model.ZipModel zipModel
net.lingala.zip4j.model.DataDescriptor: long crc
net.lingala.zip4j.headers.HeaderWriter: byte[] intBuff
net.lingala.zip4j.model.enums.AesKeyStrength: net.lingala.zip4j.model.enums.AesKeyStrength KEY_STRENGTH_256
net.lingala.zip4j.model.Zip64EndOfCentralDirectoryRecord: long sizeOfCentralDirectory
net.lingala.zip4j.io.inputstream.DecompressedInputStream: byte[] oneByteBuffer
net.lingala.zip4j.crypto.PBKDF2.PBKDF2Engine: net.lingala.zip4j.crypto.PBKDF2.PRF prf
net.lingala.zip4j.progress.ProgressMonitor$State: net.lingala.zip4j.progress.ProgressMonitor$State READY
net.lingala.zip4j.crypto.PBKDF2.PBKDF2Parameters: byte[] salt
net.lingala.zip4j.progress.ProgressMonitor$Task: net.lingala.zip4j.progress.ProgressMonitor$Task RENAME_FILE
net.lingala.zip4j.ZipFile: boolean isEncrypted
net.lingala.zip4j.tasks.AsyncZipTask$AsyncTaskParameters: java.util.concurrent.ExecutorService executorService
net.lingala.zip4j.model.Zip64EndOfCentralDirectoryLocator: int totalNumberOfDiscs
net.lingala.zip4j.io.inputstream.ZipInputStream: net.lingala.zip4j.model.Zip4jConfig zip4jConfig
net.lingala.zip4j.model.Zip64ExtendedInfo: int diskNumberStart
net.lingala.zip4j.tasks.MergeSplitZipFileTask: net.lingala.zip4j.util.RawIO rawIO
net.lingala.zip4j.model.AbstractFileHeader: java.lang.String fileName