Apk-builder/installer/build/outputs/mapping/release/mapping.txt
# compiler: R8
# compiler_version: 8.5.35
# min_api: 24
# common_typos_disable
# {"id":"com.android.tools.r8.mapping","version":"2.2"}
# pg_map_id: 66dc79d
# pg_map_hash: SHA-256 66dc79db8811527b579158ebac32f88abb83a890ddeb0075c77860c0d586bc09
com.onerule.task.BuildConfig -> com.onerule.task.BuildConfig:
# {"id":"sourceFile","fileName":"BuildConfig.java"}
com.onerule.task.MainActivity -> com.onerule.task.MainActivity:
# {"id":"sourceFile","fileName":"MainActivity.java"}
    android.widget.Button btn -> I101I
    android.os.Handler ui -> I1OO1llI
    int $r8$clinit -> IOOIlO
      # {"id":"com.android.tools.r8.synthesized"}
    android.widget.TextView status -> O0l01
    boolean justLaunchedConfirm -> OI0IOOl
    com.onerule.task.MainActivity$InstallResultReceiver receiver -> OOOOl0
      # {"id":"com.android.tools.r8.residualsignature","signature":"LO01IO;"}
    android.content.Intent pendingConfirmIntent -> l1OO0
    boolean awaitingUnknownSourcesGrant -> lOlOI01
    1:3:void <init>():28:28 -> <init>
    4:15:void <init>():45:45 -> <init>
    16:18:void <init>():49:49 -> <init>
    19:20:void <init>():53:53 -> <init>
    21:23:void <init>():56:56 -> <init>
    1:10:void installViaSession(java.io.File):303:303 -> I101I
    11:16:void installViaSession(java.io.File):304:304 -> I101I
    17:19:void installViaSession(java.io.File):307:307 -> I101I
    20:25:void installViaSession(java.io.File):319:319 -> I101I
    26:28:void installViaSession(java.io.File):321:321 -> I101I
    29:34:void installViaSession(java.io.File):326:326 -> I101I
    35:50:void installViaSession(java.io.File):328:328 -> I101I
    51:59:void installViaSession(java.io.File):329:329 -> I101I
    60:63:void installViaSession(java.io.File):334:334 -> I101I
    64:67:void installViaSession(java.io.File):335:335 -> I101I
com.onerule.task.MainActivity$$ExternalSyntheticApiModelOutline2 -> OIO10:
# {"id":"sourceFile","fileName":"R8$$SyntheticClass"}
# {"id":"com.android.tools.r8.synthesized"}
    1:1:void MainActivity$$ExternalSyntheticApiModelOutline2.m(android.content.pm.PackageInstaller$SessionParams):0:0 -> O0l01
      # {"id":"com.android.tools.r8.synthesized"}
com.onerule.task.MainActivity$$ExternalSyntheticLambda10 -> O1IIlO:
# {"id":"sourceFile","fileName":"R8$$SyntheticClass"}
# {"id":"com.android.tools.r8.synthesized"}
    com.onerule.task.MainActivity com.onerule.task.MainActivity$$InternalSyntheticLambda$2$8fbb3bfc9894e6b337e7a1d4bbf2a811e5f5e675e69b93b64ca7912568097f1f$3.f$0 -> I101I
      # {"id":"com.android.tools.r8.residualsignature","signature":"Ljava/lang/Object;"}
      # {"id":"com.android.tools.r8.synthesized"}
    int MainActivity$$ExternalSyntheticLambda10.$r8$classId -> O0l01
      # {"id":"com.android.tools.r8.synthesized"}
    java.lang.Exception com.onerule.task.MainActivity$$InternalSyntheticLambda$2$8fbb3bfc9894e6b337e7a1d4bbf2a811e5f5e675e69b93b64ca7912568097f1f$3.f$1 -> OOOOl0
      # {"id":"com.android.tools.r8.residualsignature","signature":"Ljava/lang/Object;"}
      # {"id":"com.android.tools.r8.synthesized"}
    1:1:void MainActivity$$ExternalSyntheticLambda10.<init>(java.lang.Object,java.lang.Object,int):0:0 -> <init>
      # {"id":"com.android.tools.r8.synthesized"}
    13:18:void androidx.profileinstaller.ProfileInstallerInitializer.installAfterDelay(android.content.Context):108:108 -> run
    13:18:void androidx.profileinstaller.ProfileInstallerInitializer.lambda$delayAfterFirstFrame$0(android.content.Context):94 -> run
      # {"id":"com.android.tools.r8.residualsignature","signature":"()V"}
...
net.lingala.zip4j.model.EndOfCentralDirectoryRecord -> net.lingala.zip4j.model.EndOfCentralDirectoryRecord:
# {"id":"sourceFile","fileName":"EndOfCentralDirectoryRecord.java"}
    1:3:void <init>():32:32 -> <init>
    4:7:void <init>():30:30 -> <init>
    8:13:void <init>():33:33 -> <init>
    1:3:java.lang.String getComment():94:94 -> getComment
    1:3:int getNumberOfThisDisk():37:37 -> getNumberOfThisDisk
    1:3:int getNumberOfThisDiskStartOfCentralDir():45:45 -> getNumberOfThisDiskStartOfCentralDir
    1:3:long getOffsetOfEndOfCentralDirectory():86:86 -> getOffsetOfEndOfCentralDirectory
    1:3:long getOffsetOfStartOfCentralDirectory():78:78 -> getOffsetOfStartOfCentralDirectory
    1:3:int getSizeOfCentralDirectory():70:70 -> getSizeOfCentralDirectory
    1:3:int getTotalNumberOfEntriesInCentralDirectory():62:62 -> getTotalNumberOfEntriesInCentralDirectory
    1:3:int getTotalNumberOfEntriesInCentralDirectoryOnThisDisk():53:53 -> getTotalNumberOfEntriesInCentralDirectoryOnThisDisk
    3:5:void setComment(java.lang.String):99:99 -> setComment
    1:3:void setNumberOfThisDisk(int):41:41 -> setNumberOfThisDisk
    1:3:void setNumberOfThisDiskStartOfCentralDir(int):49:49 -> setNumberOfThisDiskStartOfCentralDir
    1:3:void setOffsetOfEndOfCentralDirectory(long):90:90 -> setOffsetOfEndOfCentralDirectory
    1:3:void setOffsetOfStartOfCentralDirectory(long):82:82 -> setOffsetOfStartOfCentralDirectory
net.lingala.zip4j.model.ExcludeFileFilter -> net.lingala.zip4j.model.ExcludeFileFilter:
# {"id":"sourceFile","fileName":"ExcludeFileFilter.java"}
net.lingala.zip4j.model.ExtraDataRecord -> net.lingala.zip4j.model.ExtraDataRecord:
# {"id":"sourceFile","fileName":"ExtraDataRecord.java"}
    1:4:void <init>():19:19 -> <init>
    1:3:byte[] getData():42:42 -> getData
    1:3:long getHeader():26:26 -> getHeader
    1:3:int getSizeOfData():34:34 -> getSizeOfData
    1:3:void setData(byte[]):46:46 -> setData
    1:3:void setHeader(long):30:30 -> setHeader
    1:3:void setSizeOfData(int):38:38 -> setSizeOfData
net.lingala.zip4j.model.FileHeader -> net.lingala.zip4j.model.FileHeader:
# {"id":"sourceFile","fileName":"FileHeader.java"}
    1:4:void <init>():33:33 -> <init>
    5:6:void <init>():26:26 -> <init>
    7:12:void <init>():34:34 -> <init>
    1:6:long determineOffsetOfLocalFileHeader(net.lingala.zip4j.model.FileHeader):113:113 -> determineOffsetOfLocalFileHeader
    7:15:long determineOffsetOfLocalFileHeader(net.lingala.zip4j.model.FileHeader):114:114 -> determineOffsetOfLocalFileHeader
    16:20:long determineOffsetOfLocalFileHeader(net.lingala.zip4j.model.FileHeader):117:117 -> determineOffsetOfLocalFileHeader
    8:18:boolean equals(java.lang.Object):101:101 -> equals
    19:25:boolean equals(java.lang.Object):102:102 -> equals
    26:27:boolean equals(java.lang.Object):103:103 -> equals
    28:43:boolean equals(java.lang.Object):104:104 -> equals
    1:3:int getDiskNumberStart():54:54 -> getDiskNumberStart
    1:3:byte[] getExternalFileAttributes():70:70 -> getExternalFileAttributes
    1:3:java.lang.String getFileComment():86:86 -> getFileComment
    1:3:int getFileCommentLength():46:46 -> getFileCommentLength
    1:3:byte[] getInternalFileAttributes():62:62 -> getInternalFileAttributes
    1:3:long getOffsetLocalHeader():78:78 -> getOffsetLocalHeader
    1:3:int getVersionMadeBy():38:38 -> getVersionMadeBy
    1:21:int hashCode():109:109 -> hashCode
    1:3:void setDiskNumberStart(int):58:58 -> setDiskNumberStart